<?xml version="1.0" encoding="UTF-8"?>
<!-- Generated by org.testng.reporters.JUnitReportReporter -->
<testsuite hostname="DESKTOP-BDPMNOL" name="TestNG.Important_Annotations" tests="7" failures="7" timestamp="14 Dec 2020 16:47:54 GMT" time="0.106" errors="0">
  <testcase name="test_demo4" time="0.008" classname="TestNG.Important_Annotations">
    <failure type="org.openqa.selenium.SessionNotCreatedException" message="session not created: This version of ChromeDriver only supports Chrome version 85
Build info: version: &#039;3.141.59&#039;, revision: &#039;e82be7d358&#039;, time: &#039;2018-11-14T08:25:48&#039;
System info: host: &#039;DESKTOP-BDPMNOL&#039;, ip: &#039;192.168.1.113&#039;, os.name: &#039;Windows 10&#039;, os.arch: &#039;amd64&#039;, os.version: &#039;10.0&#039;, java.version: &#039;1.8.0_271&#039;
Driver info: driver.version: ChromeDriver
remote stacktrace: Backtrace:
	Ordinal0 [0x00CBD343+3134275]
	Ordinal0 [0x00BAA131+2007345]
	Ordinal0 [0x00A4AEC8+569032]
	Ordinal0 [0x009D139F+70559]
	Ordinal0 [0x009CCC63+52323]
	Ordinal0 [0x009F0DFC+200188]
	Ordinal0 [0x009F0C1D+199709]
	Ordinal0 [0x009EEB0B+191243]
	Ordinal0 [0x009D2E77+77431]
	Ordinal0 [0x009D3E3E+81470]
	Ordinal0 [0x009D3DC9+81353]
	Ordinal0 [0x00BC0C99+2100377]
	GetHandleVerifier [0x00E2B71A+1396954]
	GetHandleVerifier [0x00E2B399+1396057]
	GetHandleVerifier [0x00E370E6+1444518]
	GetHandleVerifier [0x00E2BCA8+1398376]
	Ordinal0 [0x00BB7F11+2064145]
	Ordinal0 [0x00BC22AB+2106027]
	Ordinal0 [0x00BC23D1+2106321]
	Ordinal0 [0x00BD4984+2181508]
	BaseThreadInitThunk [0x772C6359+25]
	RtlGetAppContainerNamedObjectPath [0x77BA8944+228]
	RtlGetAppContainerNamedObjectPath [0x77BA8914+180]
">
      <![CDATA[org.openqa.selenium.SessionNotCreatedException: session not created: This version of ChromeDriver only supports Chrome version 85
Build info: version: '3.141.59', revision: 'e82be7d358', time: '2018-11-14T08:25:48'
System info: host: 'DESKTOP-BDPMNOL', ip: '192.168.1.113', os.name: 'Windows 10', os.arch: 'amd64', os.version: '10.0', java.version: '1.8.0_271'
Driver info: driver.version: ChromeDriver
remote stacktrace: Backtrace:
	Ordinal0 [0x00CBD343+3134275]
	Ordinal0 [0x00BAA131+2007345]
	Ordinal0 [0x00A4AEC8+569032]
	Ordinal0 [0x009D139F+70559]
	Ordinal0 [0x009CCC63+52323]
	Ordinal0 [0x009F0DFC+200188]
	Ordinal0 [0x009F0C1D+199709]
	Ordinal0 [0x009EEB0B+191243]
	Ordinal0 [0x009D2E77+77431]
	Ordinal0 [0x009D3E3E+81470]
	Ordinal0 [0x009D3DC9+81353]
	Ordinal0 [0x00BC0C99+2100377]
	GetHandleVerifier [0x00E2B71A+1396954]
	GetHandleVerifier [0x00E2B399+1396057]
	GetHandleVerifier [0x00E370E6+1444518]
	GetHandleVerifier [0x00E2BCA8+1398376]
	Ordinal0 [0x00BB7F11+2064145]
	Ordinal0 [0x00BC22AB+2106027]
	Ordinal0 [0x00BC23D1+2106321]
	Ordinal0 [0x00BD4984+2181508]
	BaseThreadInitThunk [0x772C6359+25]
	RtlGetAppContainerNamedObjectPath [0x77BA8944+228]
	RtlGetAppContainerNamedObjectPath [0x77BA8914+180]

	at sun.reflect.NativeConstructorAccessorImpl.newInstance0(Native Method)
	at sun.reflect.NativeConstructorAccessorImpl.newInstance(Unknown Source)
	at sun.reflect.DelegatingConstructorAccessorImpl.newInstance(Unknown Source)
	at java.lang.reflect.Constructor.newInstance(Unknown Source)
	at org.openqa.selenium.remote.W3CHandshakeResponse.lambda$errorHandler$0(W3CHandshakeResponse.java:62)
	at org.openqa.selenium.remote.HandshakeResponse.lambda$getResponseFunction$0(HandshakeResponse.java:30)
	at org.openqa.selenium.remote.ProtocolHandshake.lambda$createSession$0(ProtocolHandshake.java:126)
	at java.util.stream.ReferencePipeline$3$1.accept(Unknown Source)
	at java.util.Spliterators$ArraySpliterator.tryAdvance(Unknown Source)
	at java.util.stream.ReferencePipeline.forEachWithCancel(Unknown Source)
	at java.util.stream.AbstractPipeline.copyIntoWithCancel(Unknown Source)
	at java.util.stream.AbstractPipeline.copyInto(Unknown Source)
	at java.util.stream.AbstractPipeline.wrapAndCopyInto(Unknown Source)
	at java.util.stream.FindOps$FindOp.evaluateSequential(Unknown Source)
	at java.util.stream.AbstractPipeline.evaluate(Unknown Source)
	at java.util.stream.ReferencePipeline.findFirst(Unknown Source)
	at org.openqa.selenium.remote.ProtocolHandshake.createSession(ProtocolHandshake.java:128)
	at org.openqa.selenium.remote.ProtocolHandshake.createSession(ProtocolHandshake.java:74)
	at org.openqa.selenium.remote.HttpCommandExecutor.execute(HttpCommandExecutor.java:136)
	at org.openqa.selenium.remote.service.DriverCommandExecutor.execute(DriverCommandExecutor.java:83)
	at org.openqa.selenium.remote.RemoteWebDriver.execute(RemoteWebDriver.java:552)
	at org.openqa.selenium.remote.RemoteWebDriver.startSession(RemoteWebDriver.java:213)
	at org.openqa.selenium.remote.RemoteWebDriver.<init>(RemoteWebDriver.java:131)
	at org.openqa.selenium.chrome.ChromeDriver.<init>(ChromeDriver.java:181)
	at org.openqa.selenium.chrome.ChromeDriver.<init>(ChromeDriver.java:168)
	at org.openqa.selenium.chrome.ChromeDriver.<init>(ChromeDriver.java:123)
	at TestNG.Important_Annotations.setUp(Important_Annotations.java:20)
	at sun.reflect.NativeMethodAccessorImpl.invoke0(Native Method)
	at sun.reflect.NativeMethodAccessorImpl.invoke(Unknown Source)
	at sun.reflect.DelegatingMethodAccessorImpl.invoke(Unknown Source)
	at java.lang.reflect.Method.invoke(Unknown Source)
	at org.testng.internal.MethodInvocationHelper.invokeMethod(MethodInvocationHelper.java:80)
	at org.testng.internal.Invoker.invokeConfigurationMethod(Invoker.java:564)
	at org.testng.internal.Invoker.invokeConfigurations(Invoker.java:213)
	at org.testng.internal.Invoker.invokeMethod(Invoker.java:653)
	at org.testng.internal.Invoker.invokeTestMethod(Invoker.java:907)
	at org.testng.internal.Invoker.invokeTestMethods(Invoker.java:1237)
	at org.testng.internal.TestMethodWorker.invokeTestMethods(TestMethodWorker.java:127)
	at org.testng.internal.TestMethodWorker.run(TestMethodWorker.java:111)
	at org.testng.TestRunner.privateRun(TestRunner.java:767)
	at org.testng.TestRunner.run(TestRunner.java:617)
	at org.testng.SuiteRunner.runTest(SuiteRunner.java:334)
	at org.testng.SuiteRunner.runSequentially(SuiteRunner.java:329)
	at org.testng.SuiteRunner.privateRun(SuiteRunner.java:291)
	at org.testng.SuiteRunner.run(SuiteRunner.java:240)
	at org.testng.SuiteRunnerWorker.runSuite(SuiteRunnerWorker.java:51)
	at org.testng.SuiteRunnerWorker.run(SuiteRunnerWorker.java:85)
	at org.testng.TestNG.runSuitesSequentially(TestNG.java:1197)
	at org.testng.TestNG.runSuitesLocally(TestNG.java:1122)
	at org.testng.TestNG.run(TestNG.java:1030)
	at org.testng.remote.AbstractRemoteTestNG.run(AbstractRemoteTestNG.java:115)
	at org.testng.remote.RemoteTestNG.initAndRun(RemoteTestNG.java:251)
	at org.testng.remote.RemoteTestNG.main(RemoteTestNG.java:77)
]]>
    </failure>
  </testcase> <!-- test_demo4 -->
  <testcase name="test_demo3" time="0.010" classname="TestNG.Important_Annotations">
    <failure type="org.openqa.selenium.SessionNotCreatedException" message="session not created: This version of ChromeDriver only supports Chrome version 85
Build info: version: &#039;3.141.59&#039;, revision: &#039;e82be7d358&#039;, time: &#039;2018-11-14T08:25:48&#039;
System info: host: &#039;DESKTOP-BDPMNOL&#039;, ip: &#039;192.168.1.113&#039;, os.name: &#039;Windows 10&#039;, os.arch: &#039;amd64&#039;, os.version: &#039;10.0&#039;, java.version: &#039;1.8.0_271&#039;
Driver info: driver.version: ChromeDriver
remote stacktrace: Backtrace:
	Ordinal0 [0x00CBD343+3134275]
	Ordinal0 [0x00BAA131+2007345]
	Ordinal0 [0x00A4AEC8+569032]
	Ordinal0 [0x009D139F+70559]
	Ordinal0 [0x009CCC63+52323]
	Ordinal0 [0x009F0DFC+200188]
	Ordinal0 [0x009F0C1D+199709]
	Ordinal0 [0x009EEB0B+191243]
	Ordinal0 [0x009D2E77+77431]
	Ordinal0 [0x009D3E3E+81470]
	Ordinal0 [0x009D3DC9+81353]
	Ordinal0 [0x00BC0C99+2100377]
	GetHandleVerifier [0x00E2B71A+1396954]
	GetHandleVerifier [0x00E2B399+1396057]
	GetHandleVerifier [0x00E370E6+1444518]
	GetHandleVerifier [0x00E2BCA8+1398376]
	Ordinal0 [0x00BB7F11+2064145]
	Ordinal0 [0x00BC22AB+2106027]
	Ordinal0 [0x00BC23D1+2106321]
	Ordinal0 [0x00BD4984+2181508]
	BaseThreadInitThunk [0x772C6359+25]
	RtlGetAppContainerNamedObjectPath [0x77BA8944+228]
	RtlGetAppContainerNamedObjectPath [0x77BA8914+180]
">
      <![CDATA[org.openqa.selenium.SessionNotCreatedException: session not created: This version of ChromeDriver only supports Chrome version 85
Build info: version: '3.141.59', revision: 'e82be7d358', time: '2018-11-14T08:25:48'
System info: host: 'DESKTOP-BDPMNOL', ip: '192.168.1.113', os.name: 'Windows 10', os.arch: 'amd64', os.version: '10.0', java.version: '1.8.0_271'
Driver info: driver.version: ChromeDriver
remote stacktrace: Backtrace:
	Ordinal0 [0x00CBD343+3134275]
	Ordinal0 [0x00BAA131+2007345]
	Ordinal0 [0x00A4AEC8+569032]
	Ordinal0 [0x009D139F+70559]
	Ordinal0 [0x009CCC63+52323]
	Ordinal0 [0x009F0DFC+200188]
	Ordinal0 [0x009F0C1D+199709]
	Ordinal0 [0x009EEB0B+191243]
	Ordinal0 [0x009D2E77+77431]
	Ordinal0 [0x009D3E3E+81470]
	Ordinal0 [0x009D3DC9+81353]
	Ordinal0 [0x00BC0C99+2100377]
	GetHandleVerifier [0x00E2B71A+1396954]
	GetHandleVerifier [0x00E2B399+1396057]
	GetHandleVerifier [0x00E370E6+1444518]
	GetHandleVerifier [0x00E2BCA8+1398376]
	Ordinal0 [0x00BB7F11+2064145]
	Ordinal0 [0x00BC22AB+2106027]
	Ordinal0 [0x00BC23D1+2106321]
	Ordinal0 [0x00BD4984+2181508]
	BaseThreadInitThunk [0x772C6359+25]
	RtlGetAppContainerNamedObjectPath [0x77BA8944+228]
	RtlGetAppContainerNamedObjectPath [0x77BA8914+180]

	at sun.reflect.NativeConstructorAccessorImpl.newInstance0(Native Method)
	at sun.reflect.NativeConstructorAccessorImpl.newInstance(Unknown Source)
	at sun.reflect.DelegatingConstructorAccessorImpl.newInstance(Unknown Source)
	at java.lang.reflect.Constructor.newInstance(Unknown Source)
	at org.openqa.selenium.remote.W3CHandshakeResponse.lambda$errorHandler$0(W3CHandshakeResponse.java:62)
	at org.openqa.selenium.remote.HandshakeResponse.lambda$getResponseFunction$0(HandshakeResponse.java:30)
	at org.openqa.selenium.remote.ProtocolHandshake.lambda$createSession$0(ProtocolHandshake.java:126)
	at java.util.stream.ReferencePipeline$3$1.accept(Unknown Source)
	at java.util.Spliterators$ArraySpliterator.tryAdvance(Unknown Source)
	at java.util.stream.ReferencePipeline.forEachWithCancel(Unknown Source)
	at java.util.stream.AbstractPipeline.copyIntoWithCancel(Unknown Source)
	at java.util.stream.AbstractPipeline.copyInto(Unknown Source)
	at java.util.stream.AbstractPipeline.wrapAndCopyInto(Unknown Source)
	at java.util.stream.FindOps$FindOp.evaluateSequential(Unknown Source)
	at java.util.stream.AbstractPipeline.evaluate(Unknown Source)
	at java.util.stream.ReferencePipeline.findFirst(Unknown Source)
	at org.openqa.selenium.remote.ProtocolHandshake.createSession(ProtocolHandshake.java:128)
	at org.openqa.selenium.remote.ProtocolHandshake.createSession(ProtocolHandshake.java:74)
	at org.openqa.selenium.remote.HttpCommandExecutor.execute(HttpCommandExecutor.java:136)
	at org.openqa.selenium.remote.service.DriverCommandExecutor.execute(DriverCommandExecutor.java:83)
	at org.openqa.selenium.remote.RemoteWebDriver.execute(RemoteWebDriver.java:552)
	at org.openqa.selenium.remote.RemoteWebDriver.startSession(RemoteWebDriver.java:213)
	at org.openqa.selenium.remote.RemoteWebDriver.<init>(RemoteWebDriver.java:131)
	at org.openqa.selenium.chrome.ChromeDriver.<init>(ChromeDriver.java:181)
	at org.openqa.selenium.chrome.ChromeDriver.<init>(ChromeDriver.java:168)
	at org.openqa.selenium.chrome.ChromeDriver.<init>(ChromeDriver.java:123)
	at TestNG.Important_Annotations.setUp(Important_Annotations.java:20)
	at sun.reflect.NativeMethodAccessorImpl.invoke0(Native Method)
	at sun.reflect.NativeMethodAccessorImpl.invoke(Unknown Source)
	at sun.reflect.DelegatingMethodAccessorImpl.invoke(Unknown Source)
	at java.lang.reflect.Method.invoke(Unknown Source)
	at org.testng.internal.MethodInvocationHelper.invokeMethod(MethodInvocationHelper.java:80)
	at org.testng.internal.Invoker.invokeConfigurationMethod(Invoker.java:564)
	at org.testng.internal.Invoker.invokeConfigurations(Invoker.java:213)
	at org.testng.internal.Invoker.invokeMethod(Invoker.java:653)
	at org.testng.internal.Invoker.invokeTestMethod(Invoker.java:907)
	at org.testng.internal.Invoker.invokeTestMethods(Invoker.java:1237)
	at org.testng.internal.TestMethodWorker.invokeTestMethods(TestMethodWorker.java:127)
	at org.testng.internal.TestMethodWorker.run(TestMethodWorker.java:111)
	at org.testng.TestRunner.privateRun(TestRunner.java:767)
	at org.testng.TestRunner.run(TestRunner.java:617)
	at org.testng.SuiteRunner.runTest(SuiteRunner.java:334)
	at org.testng.SuiteRunner.runSequentially(SuiteRunner.java:329)
	at org.testng.SuiteRunner.privateRun(SuiteRunner.java:291)
	at org.testng.SuiteRunner.run(SuiteRunner.java:240)
	at org.testng.SuiteRunnerWorker.runSuite(SuiteRunnerWorker.java:51)
	at org.testng.SuiteRunnerWorker.run(SuiteRunnerWorker.java:85)
	at org.testng.TestNG.runSuitesSequentially(TestNG.java:1197)
	at org.testng.TestNG.runSuitesLocally(TestNG.java:1122)
	at org.testng.TestNG.run(TestNG.java:1030)
	at org.testng.remote.AbstractRemoteTestNG.run(AbstractRemoteTestNG.java:115)
	at org.testng.remote.RemoteTestNG.initAndRun(RemoteTestNG.java:251)
	at org.testng.remote.RemoteTestNG.main(RemoteTestNG.java:77)
]]>
    </failure>
  </testcase> <!-- test_demo3 -->
  <testcase name="google_Test" time="0.004" classname="TestNG.Important_Annotations">
    <failure type="org.openqa.selenium.SessionNotCreatedException" message="session not created: This version of ChromeDriver only supports Chrome version 85
Build info: version: &#039;3.141.59&#039;, revision: &#039;e82be7d358&#039;, time: &#039;2018-11-14T08:25:48&#039;
System info: host: &#039;DESKTOP-BDPMNOL&#039;, ip: &#039;192.168.1.113&#039;, os.name: &#039;Windows 10&#039;, os.arch: &#039;amd64&#039;, os.version: &#039;10.0&#039;, java.version: &#039;1.8.0_271&#039;
Driver info: driver.version: ChromeDriver
remote stacktrace: Backtrace:
	Ordinal0 [0x00CBD343+3134275]
	Ordinal0 [0x00BAA131+2007345]
	Ordinal0 [0x00A4AEC8+569032]
	Ordinal0 [0x009D139F+70559]
	Ordinal0 [0x009CCC63+52323]
	Ordinal0 [0x009F0DFC+200188]
	Ordinal0 [0x009F0C1D+199709]
	Ordinal0 [0x009EEB0B+191243]
	Ordinal0 [0x009D2E77+77431]
	Ordinal0 [0x009D3E3E+81470]
	Ordinal0 [0x009D3DC9+81353]
	Ordinal0 [0x00BC0C99+2100377]
	GetHandleVerifier [0x00E2B71A+1396954]
	GetHandleVerifier [0x00E2B399+1396057]
	GetHandleVerifier [0x00E370E6+1444518]
	GetHandleVerifier [0x00E2BCA8+1398376]
	Ordinal0 [0x00BB7F11+2064145]
	Ordinal0 [0x00BC22AB+2106027]
	Ordinal0 [0x00BC23D1+2106321]
	Ordinal0 [0x00BD4984+2181508]
	BaseThreadInitThunk [0x772C6359+25]
	RtlGetAppContainerNamedObjectPath [0x77BA8944+228]
	RtlGetAppContainerNamedObjectPath [0x77BA8914+180]
">
      <![CDATA[org.openqa.selenium.SessionNotCreatedException: session not created: This version of ChromeDriver only supports Chrome version 85
Build info: version: '3.141.59', revision: 'e82be7d358', time: '2018-11-14T08:25:48'
System info: host: 'DESKTOP-BDPMNOL', ip: '192.168.1.113', os.name: 'Windows 10', os.arch: 'amd64', os.version: '10.0', java.version: '1.8.0_271'
Driver info: driver.version: ChromeDriver
remote stacktrace: Backtrace:
	Ordinal0 [0x00CBD343+3134275]
	Ordinal0 [0x00BAA131+2007345]
	Ordinal0 [0x00A4AEC8+569032]
	Ordinal0 [0x009D139F+70559]
	Ordinal0 [0x009CCC63+52323]
	Ordinal0 [0x009F0DFC+200188]
	Ordinal0 [0x009F0C1D+199709]
	Ordinal0 [0x009EEB0B+191243]
	Ordinal0 [0x009D2E77+77431]
	Ordinal0 [0x009D3E3E+81470]
	Ordinal0 [0x009D3DC9+81353]
	Ordinal0 [0x00BC0C99+2100377]
	GetHandleVerifier [0x00E2B71A+1396954]
	GetHandleVerifier [0x00E2B399+1396057]
	GetHandleVerifier [0x00E370E6+1444518]
	GetHandleVerifier [0x00E2BCA8+1398376]
	Ordinal0 [0x00BB7F11+2064145]
	Ordinal0 [0x00BC22AB+2106027]
	Ordinal0 [0x00BC23D1+2106321]
	Ordinal0 [0x00BD4984+2181508]
	BaseThreadInitThunk [0x772C6359+25]
	RtlGetAppContainerNamedObjectPath [0x77BA8944+228]
	RtlGetAppContainerNamedObjectPath [0x77BA8914+180]

	at sun.reflect.NativeConstructorAccessorImpl.newInstance0(Native Method)
	at sun.reflect.NativeConstructorAccessorImpl.newInstance(Unknown Source)
	at sun.reflect.DelegatingConstructorAccessorImpl.newInstance(Unknown Source)
	at java.lang.reflect.Constructor.newInstance(Unknown Source)
	at org.openqa.selenium.remote.W3CHandshakeResponse.lambda$errorHandler$0(W3CHandshakeResponse.java:62)
	at org.openqa.selenium.remote.HandshakeResponse.lambda$getResponseFunction$0(HandshakeResponse.java:30)
	at org.openqa.selenium.remote.ProtocolHandshake.lambda$createSession$0(ProtocolHandshake.java:126)
	at java.util.stream.ReferencePipeline$3$1.accept(Unknown Source)
	at java.util.Spliterators$ArraySpliterator.tryAdvance(Unknown Source)
	at java.util.stream.ReferencePipeline.forEachWithCancel(Unknown Source)
	at java.util.stream.AbstractPipeline.copyIntoWithCancel(Unknown Source)
	at java.util.stream.AbstractPipeline.copyInto(Unknown Source)
	at java.util.stream.AbstractPipeline.wrapAndCopyInto(Unknown Source)
	at java.util.stream.FindOps$FindOp.evaluateSequential(Unknown Source)
	at java.util.stream.AbstractPipeline.evaluate(Unknown Source)
	at java.util.stream.ReferencePipeline.findFirst(Unknown Source)
	at org.openqa.selenium.remote.ProtocolHandshake.createSession(ProtocolHandshake.java:128)
	at org.openqa.selenium.remote.ProtocolHandshake.createSession(ProtocolHandshake.java:74)
	at org.openqa.selenium.remote.HttpCommandExecutor.execute(HttpCommandExecutor.java:136)
	at org.openqa.selenium.remote.service.DriverCommandExecutor.execute(DriverCommandExecutor.java:83)
	at org.openqa.selenium.remote.RemoteWebDriver.execute(RemoteWebDriver.java:552)
	at org.openqa.selenium.remote.RemoteWebDriver.startSession(RemoteWebDriver.java:213)
	at org.openqa.selenium.remote.RemoteWebDriver.<init>(RemoteWebDriver.java:131)
	at org.openqa.selenium.chrome.ChromeDriver.<init>(ChromeDriver.java:181)
	at org.openqa.selenium.chrome.ChromeDriver.<init>(ChromeDriver.java:168)
	at org.openqa.selenium.chrome.ChromeDriver.<init>(ChromeDriver.java:123)
	at TestNG.Important_Annotations.setUp(Important_Annotations.java:20)
	at sun.reflect.NativeMethodAccessorImpl.invoke0(Native Method)
	at sun.reflect.NativeMethodAccessorImpl.invoke(Unknown Source)
	at sun.reflect.DelegatingMethodAccessorImpl.invoke(Unknown Source)
	at java.lang.reflect.Method.invoke(Unknown Source)
	at org.testng.internal.MethodInvocationHelper.invokeMethod(MethodInvocationHelper.java:80)
	at org.testng.internal.Invoker.invokeConfigurationMethod(Invoker.java:564)
	at org.testng.internal.Invoker.invokeConfigurations(Invoker.java:213)
	at org.testng.internal.Invoker.invokeMethod(Invoker.java:653)
	at org.testng.internal.Invoker.invokeTestMethod(Invoker.java:907)
	at org.testng.internal.Invoker.invokeTestMethods(Invoker.java:1237)
	at org.testng.internal.TestMethodWorker.invokeTestMethods(TestMethodWorker.java:127)
	at org.testng.internal.TestMethodWorker.run(TestMethodWorker.java:111)
	at org.testng.TestRunner.privateRun(TestRunner.java:767)
	at org.testng.TestRunner.run(TestRunner.java:617)
	at org.testng.SuiteRunner.runTest(SuiteRunner.java:334)
	at org.testng.SuiteRunner.runSequentially(SuiteRunner.java:329)
	at org.testng.SuiteRunner.privateRun(SuiteRunner.java:291)
	at org.testng.SuiteRunner.run(SuiteRunner.java:240)
	at org.testng.SuiteRunnerWorker.runSuite(SuiteRunnerWorker.java:51)
	at org.testng.SuiteRunnerWorker.run(SuiteRunnerWorker.java:85)
	at org.testng.TestNG.runSuitesSequentially(TestNG.java:1197)
	at org.testng.TestNG.runSuitesLocally(TestNG.java:1122)
	at org.testng.TestNG.run(TestNG.java:1030)
	at org.testng.remote.AbstractRemoteTestNG.run(AbstractRemoteTestNG.java:115)
	at org.testng.remote.RemoteTestNG.initAndRun(RemoteTestNG.java:251)
	at org.testng.remote.RemoteTestNG.main(RemoteTestNG.java:77)
]]>
    </failure>
  </testcase> <!-- google_Test -->
  <testcase name="test_demo2" time="0.059" classname="TestNG.Important_Annotations">
    <failure type="org.openqa.selenium.SessionNotCreatedException" message="session not created: This version of ChromeDriver only supports Chrome version 85
Build info: version: &#039;3.141.59&#039;, revision: &#039;e82be7d358&#039;, time: &#039;2018-11-14T08:25:48&#039;
System info: host: &#039;DESKTOP-BDPMNOL&#039;, ip: &#039;192.168.1.113&#039;, os.name: &#039;Windows 10&#039;, os.arch: &#039;amd64&#039;, os.version: &#039;10.0&#039;, java.version: &#039;1.8.0_271&#039;
Driver info: driver.version: ChromeDriver
remote stacktrace: Backtrace:
	Ordinal0 [0x00CBD343+3134275]
	Ordinal0 [0x00BAA131+2007345]
	Ordinal0 [0x00A4AEC8+569032]
	Ordinal0 [0x009D139F+70559]
	Ordinal0 [0x009CCC63+52323]
	Ordinal0 [0x009F0DFC+200188]
	Ordinal0 [0x009F0C1D+199709]
	Ordinal0 [0x009EEB0B+191243]
	Ordinal0 [0x009D2E77+77431]
	Ordinal0 [0x009D3E3E+81470]
	Ordinal0 [0x009D3DC9+81353]
	Ordinal0 [0x00BC0C99+2100377]
	GetHandleVerifier [0x00E2B71A+1396954]
	GetHandleVerifier [0x00E2B399+1396057]
	GetHandleVerifier [0x00E370E6+1444518]
	GetHandleVerifier [0x00E2BCA8+1398376]
	Ordinal0 [0x00BB7F11+2064145]
	Ordinal0 [0x00BC22AB+2106027]
	Ordinal0 [0x00BC23D1+2106321]
	Ordinal0 [0x00BD4984+2181508]
	BaseThreadInitThunk [0x772C6359+25]
	RtlGetAppContainerNamedObjectPath [0x77BA8944+228]
	RtlGetAppContainerNamedObjectPath [0x77BA8914+180]
">
      <![CDATA[org.openqa.selenium.SessionNotCreatedException: session not created: This version of ChromeDriver only supports Chrome version 85
Build info: version: '3.141.59', revision: 'e82be7d358', time: '2018-11-14T08:25:48'
System info: host: 'DESKTOP-BDPMNOL', ip: '192.168.1.113', os.name: 'Windows 10', os.arch: 'amd64', os.version: '10.0', java.version: '1.8.0_271'
Driver info: driver.version: ChromeDriver
remote stacktrace: Backtrace:
	Ordinal0 [0x00CBD343+3134275]
	Ordinal0 [0x00BAA131+2007345]
	Ordinal0 [0x00A4AEC8+569032]
	Ordinal0 [0x009D139F+70559]
	Ordinal0 [0x009CCC63+52323]
	Ordinal0 [0x009F0DFC+200188]
	Ordinal0 [0x009F0C1D+199709]
	Ordinal0 [0x009EEB0B+191243]
	Ordinal0 [0x009D2E77+77431]
	Ordinal0 [0x009D3E3E+81470]
	Ordinal0 [0x009D3DC9+81353]
	Ordinal0 [0x00BC0C99+2100377]
	GetHandleVerifier [0x00E2B71A+1396954]
	GetHandleVerifier [0x00E2B399+1396057]
	GetHandleVerifier [0x00E370E6+1444518]
	GetHandleVerifier [0x00E2BCA8+1398376]
	Ordinal0 [0x00BB7F11+2064145]
	Ordinal0 [0x00BC22AB+2106027]
	Ordinal0 [0x00BC23D1+2106321]
	Ordinal0 [0x00BD4984+2181508]
	BaseThreadInitThunk [0x772C6359+25]
	RtlGetAppContainerNamedObjectPath [0x77BA8944+228]
	RtlGetAppContainerNamedObjectPath [0x77BA8914+180]

	at sun.reflect.NativeConstructorAccessorImpl.newInstance0(Native Method)
	at sun.reflect.NativeConstructorAccessorImpl.newInstance(Unknown Source)
	at sun.reflect.DelegatingConstructorAccessorImpl.newInstance(Unknown Source)
	at java.lang.reflect.Constructor.newInstance(Unknown Source)
	at org.openqa.selenium.remote.W3CHandshakeResponse.lambda$errorHandler$0(W3CHandshakeResponse.java:62)
	at org.openqa.selenium.remote.HandshakeResponse.lambda$getResponseFunction$0(HandshakeResponse.java:30)
	at org.openqa.selenium.remote.ProtocolHandshake.lambda$createSession$0(ProtocolHandshake.java:126)
	at java.util.stream.ReferencePipeline$3$1.accept(Unknown Source)
	at java.util.Spliterators$ArraySpliterator.tryAdvance(Unknown Source)
	at java.util.stream.ReferencePipeline.forEachWithCancel(Unknown Source)
	at java.util.stream.AbstractPipeline.copyIntoWithCancel(Unknown Source)
	at java.util.stream.AbstractPipeline.copyInto(Unknown Source)
	at java.util.stream.AbstractPipeline.wrapAndCopyInto(Unknown Source)
	at java.util.stream.FindOps$FindOp.evaluateSequential(Unknown Source)
	at java.util.stream.AbstractPipeline.evaluate(Unknown Source)
	at java.util.stream.ReferencePipeline.findFirst(Unknown Source)
	at org.openqa.selenium.remote.ProtocolHandshake.createSession(ProtocolHandshake.java:128)
	at org.openqa.selenium.remote.ProtocolHandshake.createSession(ProtocolHandshake.java:74)
	at org.openqa.selenium.remote.HttpCommandExecutor.execute(HttpCommandExecutor.java:136)
	at org.openqa.selenium.remote.service.DriverCommandExecutor.execute(DriverCommandExecutor.java:83)
	at org.openqa.selenium.remote.RemoteWebDriver.execute(RemoteWebDriver.java:552)
	at org.openqa.selenium.remote.RemoteWebDriver.startSession(RemoteWebDriver.java:213)
	at org.openqa.selenium.remote.RemoteWebDriver.<init>(RemoteWebDriver.java:131)
	at org.openqa.selenium.chrome.ChromeDriver.<init>(ChromeDriver.java:181)
	at org.openqa.selenium.chrome.ChromeDriver.<init>(ChromeDriver.java:168)
	at org.openqa.selenium.chrome.ChromeDriver.<init>(ChromeDriver.java:123)
	at TestNG.Important_Annotations.setUp(Important_Annotations.java:20)
	at sun.reflect.NativeMethodAccessorImpl.invoke0(Native Method)
	at sun.reflect.NativeMethodAccessorImpl.invoke(Unknown Source)
	at sun.reflect.DelegatingMethodAccessorImpl.invoke(Unknown Source)
	at java.lang.reflect.Method.invoke(Unknown Source)
	at org.testng.internal.MethodInvocationHelper.invokeMethod(MethodInvocationHelper.java:80)
	at org.testng.internal.Invoker.invokeConfigurationMethod(Invoker.java:564)
	at org.testng.internal.Invoker.invokeConfigurations(Invoker.java:213)
	at org.testng.internal.Invoker.invokeMethod(Invoker.java:653)
	at org.testng.internal.Invoker.invokeTestMethod(Invoker.java:907)
	at org.testng.internal.Invoker.invokeTestMethods(Invoker.java:1237)
	at org.testng.internal.TestMethodWorker.invokeTestMethods(TestMethodWorker.java:127)
	at org.testng.internal.TestMethodWorker.run(TestMethodWorker.java:111)
	at org.testng.TestRunner.privateRun(TestRunner.java:767)
	at org.testng.TestRunner.run(TestRunner.java:617)
	at org.testng.SuiteRunner.runTest(SuiteRunner.java:334)
	at org.testng.SuiteRunner.runSequentially(SuiteRunner.java:329)
	at org.testng.SuiteRunner.privateRun(SuiteRunner.java:291)
	at org.testng.SuiteRunner.run(SuiteRunner.java:240)
	at org.testng.SuiteRunnerWorker.runSuite(SuiteRunnerWorker.java:51)
	at org.testng.SuiteRunnerWorker.run(SuiteRunnerWorker.java:85)
	at org.testng.TestNG.runSuitesSequentially(TestNG.java:1197)
	at org.testng.TestNG.runSuitesLocally(TestNG.java:1122)
	at org.testng.TestNG.run(TestNG.java:1030)
	at org.testng.remote.AbstractRemoteTestNG.run(AbstractRemoteTestNG.java:115)
	at org.testng.remote.RemoteTestNG.initAndRun(RemoteTestNG.java:251)
	at org.testng.remote.RemoteTestNG.main(RemoteTestNG.java:77)
]]>
    </failure>
  </testcase> <!-- test_demo2 -->
  <testcase name="logoTest" time="0.002" classname="TestNG.Important_Annotations">
    <failure type="org.openqa.selenium.SessionNotCreatedException" message="session not created: This version of ChromeDriver only supports Chrome version 85
Build info: version: &#039;3.141.59&#039;, revision: &#039;e82be7d358&#039;, time: &#039;2018-11-14T08:25:48&#039;
System info: host: &#039;DESKTOP-BDPMNOL&#039;, ip: &#039;192.168.1.113&#039;, os.name: &#039;Windows 10&#039;, os.arch: &#039;amd64&#039;, os.version: &#039;10.0&#039;, java.version: &#039;1.8.0_271&#039;
Driver info: driver.version: ChromeDriver
remote stacktrace: Backtrace:
	Ordinal0 [0x00CBD343+3134275]
	Ordinal0 [0x00BAA131+2007345]
	Ordinal0 [0x00A4AEC8+569032]
	Ordinal0 [0x009D139F+70559]
	Ordinal0 [0x009CCC63+52323]
	Ordinal0 [0x009F0DFC+200188]
	Ordinal0 [0x009F0C1D+199709]
	Ordinal0 [0x009EEB0B+191243]
	Ordinal0 [0x009D2E77+77431]
	Ordinal0 [0x009D3E3E+81470]
	Ordinal0 [0x009D3DC9+81353]
	Ordinal0 [0x00BC0C99+2100377]
	GetHandleVerifier [0x00E2B71A+1396954]
	GetHandleVerifier [0x00E2B399+1396057]
	GetHandleVerifier [0x00E370E6+1444518]
	GetHandleVerifier [0x00E2BCA8+1398376]
	Ordinal0 [0x00BB7F11+2064145]
	Ordinal0 [0x00BC22AB+2106027]
	Ordinal0 [0x00BC23D1+2106321]
	Ordinal0 [0x00BD4984+2181508]
	BaseThreadInitThunk [0x772C6359+25]
	RtlGetAppContainerNamedObjectPath [0x77BA8944+228]
	RtlGetAppContainerNamedObjectPath [0x77BA8914+180]
">
      <![CDATA[org.openqa.selenium.SessionNotCreatedException: session not created: This version of ChromeDriver only supports Chrome version 85
Build info: version: '3.141.59', revision: 'e82be7d358', time: '2018-11-14T08:25:48'
System info: host: 'DESKTOP-BDPMNOL', ip: '192.168.1.113', os.name: 'Windows 10', os.arch: 'amd64', os.version: '10.0', java.version: '1.8.0_271'
Driver info: driver.version: ChromeDriver
remote stacktrace: Backtrace:
	Ordinal0 [0x00CBD343+3134275]
	Ordinal0 [0x00BAA131+2007345]
	Ordinal0 [0x00A4AEC8+569032]
	Ordinal0 [0x009D139F+70559]
	Ordinal0 [0x009CCC63+52323]
	Ordinal0 [0x009F0DFC+200188]
	Ordinal0 [0x009F0C1D+199709]
	Ordinal0 [0x009EEB0B+191243]
	Ordinal0 [0x009D2E77+77431]
	Ordinal0 [0x009D3E3E+81470]
	Ordinal0 [0x009D3DC9+81353]
	Ordinal0 [0x00BC0C99+2100377]
	GetHandleVerifier [0x00E2B71A+1396954]
	GetHandleVerifier [0x00E2B399+1396057]
	GetHandleVerifier [0x00E370E6+1444518]
	GetHandleVerifier [0x00E2BCA8+1398376]
	Ordinal0 [0x00BB7F11+2064145]
	Ordinal0 [0x00BC22AB+2106027]
	Ordinal0 [0x00BC23D1+2106321]
	Ordinal0 [0x00BD4984+2181508]
	BaseThreadInitThunk [0x772C6359+25]
	RtlGetAppContainerNamedObjectPath [0x77BA8944+228]
	RtlGetAppContainerNamedObjectPath [0x77BA8914+180]

	at sun.reflect.NativeConstructorAccessorImpl.newInstance0(Native Method)
	at sun.reflect.NativeConstructorAccessorImpl.newInstance(Unknown Source)
	at sun.reflect.DelegatingConstructorAccessorImpl.newInstance(Unknown Source)
	at java.lang.reflect.Constructor.newInstance(Unknown Source)
	at org.openqa.selenium.remote.W3CHandshakeResponse.lambda$errorHandler$0(W3CHandshakeResponse.java:62)
	at org.openqa.selenium.remote.HandshakeResponse.lambda$getResponseFunction$0(HandshakeResponse.java:30)
	at org.openqa.selenium.remote.ProtocolHandshake.lambda$createSession$0(ProtocolHandshake.java:126)
	at java.util.stream.ReferencePipeline$3$1.accept(Unknown Source)
	at java.util.Spliterators$ArraySpliterator.tryAdvance(Unknown Source)
	at java.util.stream.ReferencePipeline.forEachWithCancel(Unknown Source)
	at java.util.stream.AbstractPipeline.copyIntoWithCancel(Unknown Source)
	at java.util.stream.AbstractPipeline.copyInto(Unknown Source)
	at java.util.stream.AbstractPipeline.wrapAndCopyInto(Unknown Source)
	at java.util.stream.FindOps$FindOp.evaluateSequential(Unknown Source)
	at java.util.stream.AbstractPipeline.evaluate(Unknown Source)
	at java.util.stream.ReferencePipeline.findFirst(Unknown Source)
	at org.openqa.selenium.remote.ProtocolHandshake.createSession(ProtocolHandshake.java:128)
	at org.openqa.selenium.remote.ProtocolHandshake.createSession(ProtocolHandshake.java:74)
	at org.openqa.selenium.remote.HttpCommandExecutor.execute(HttpCommandExecutor.java:136)
	at org.openqa.selenium.remote.service.DriverCommandExecutor.execute(DriverCommandExecutor.java:83)
	at org.openqa.selenium.remote.RemoteWebDriver.execute(RemoteWebDriver.java:552)
	at org.openqa.selenium.remote.RemoteWebDriver.startSession(RemoteWebDriver.java:213)
	at org.openqa.selenium.remote.RemoteWebDriver.<init>(RemoteWebDriver.java:131)
	at org.openqa.selenium.chrome.ChromeDriver.<init>(ChromeDriver.java:181)
	at org.openqa.selenium.chrome.ChromeDriver.<init>(ChromeDriver.java:168)
	at org.openqa.selenium.chrome.ChromeDriver.<init>(ChromeDriver.java:123)
	at TestNG.Important_Annotations.setUp(Important_Annotations.java:20)
	at sun.reflect.NativeMethodAccessorImpl.invoke0(Native Method)
	at sun.reflect.NativeMethodAccessorImpl.invoke(Unknown Source)
	at sun.reflect.DelegatingMethodAccessorImpl.invoke(Unknown Source)
	at java.lang.reflect.Method.invoke(Unknown Source)
	at org.testng.internal.MethodInvocationHelper.invokeMethod(MethodInvocationHelper.java:80)
	at org.testng.internal.Invoker.invokeConfigurationMethod(Invoker.java:564)
	at org.testng.internal.Invoker.invokeConfigurations(Invoker.java:213)
	at org.testng.internal.Invoker.invokeMethod(Invoker.java:653)
	at org.testng.internal.Invoker.invokeTestMethod(Invoker.java:907)
	at org.testng.internal.Invoker.invokeTestMethods(Invoker.java:1237)
	at org.testng.internal.TestMethodWorker.invokeTestMethods(TestMethodWorker.java:127)
	at org.testng.internal.TestMethodWorker.run(TestMethodWorker.java:111)
	at org.testng.TestRunner.privateRun(TestRunner.java:767)
	at org.testng.TestRunner.run(TestRunner.java:617)
	at org.testng.SuiteRunner.runTest(SuiteRunner.java:334)
	at org.testng.SuiteRunner.runSequentially(SuiteRunner.java:329)
	at org.testng.SuiteRunner.privateRun(SuiteRunner.java:291)
	at org.testng.SuiteRunner.run(SuiteRunner.java:240)
	at org.testng.SuiteRunnerWorker.runSuite(SuiteRunnerWorker.java:51)
	at org.testng.SuiteRunnerWorker.run(SuiteRunnerWorker.java:85)
	at org.testng.TestNG.runSuitesSequentially(TestNG.java:1197)
	at org.testng.TestNG.runSuitesLocally(TestNG.java:1122)
	at org.testng.TestNG.run(TestNG.java:1030)
	at org.testng.remote.AbstractRemoteTestNG.run(AbstractRemoteTestNG.java:115)
	at org.testng.remote.RemoteTestNG.initAndRun(RemoteTestNG.java:251)
	at org.testng.remote.RemoteTestNG.main(RemoteTestNG.java:77)
]]>
    </failure>
  </testcase> <!-- logoTest -->
  <testcase name="mail_Test" time="0.002" classname="TestNG.Important_Annotations">
    <failure type="org.openqa.selenium.SessionNotCreatedException" message="session not created: This version of ChromeDriver only supports Chrome version 85
Build info: version: &#039;3.141.59&#039;, revision: &#039;e82be7d358&#039;, time: &#039;2018-11-14T08:25:48&#039;
System info: host: &#039;DESKTOP-BDPMNOL&#039;, ip: &#039;192.168.1.113&#039;, os.name: &#039;Windows 10&#039;, os.arch: &#039;amd64&#039;, os.version: &#039;10.0&#039;, java.version: &#039;1.8.0_271&#039;
Driver info: driver.version: ChromeDriver
remote stacktrace: Backtrace:
	Ordinal0 [0x00CBD343+3134275]
	Ordinal0 [0x00BAA131+2007345]
	Ordinal0 [0x00A4AEC8+569032]
	Ordinal0 [0x009D139F+70559]
	Ordinal0 [0x009CCC63+52323]
	Ordinal0 [0x009F0DFC+200188]
	Ordinal0 [0x009F0C1D+199709]
	Ordinal0 [0x009EEB0B+191243]
	Ordinal0 [0x009D2E77+77431]
	Ordinal0 [0x009D3E3E+81470]
	Ordinal0 [0x009D3DC9+81353]
	Ordinal0 [0x00BC0C99+2100377]
	GetHandleVerifier [0x00E2B71A+1396954]
	GetHandleVerifier [0x00E2B399+1396057]
	GetHandleVerifier [0x00E370E6+1444518]
	GetHandleVerifier [0x00E2BCA8+1398376]
	Ordinal0 [0x00BB7F11+2064145]
	Ordinal0 [0x00BC22AB+2106027]
	Ordinal0 [0x00BC23D1+2106321]
	Ordinal0 [0x00BD4984+2181508]
	BaseThreadInitThunk [0x772C6359+25]
	RtlGetAppContainerNamedObjectPath [0x77BA8944+228]
	RtlGetAppContainerNamedObjectPath [0x77BA8914+180]
">
      <![CDATA[org.openqa.selenium.SessionNotCreatedException: session not created: This version of ChromeDriver only supports Chrome version 85
Build info: version: '3.141.59', revision: 'e82be7d358', time: '2018-11-14T08:25:48'
System info: host: 'DESKTOP-BDPMNOL', ip: '192.168.1.113', os.name: 'Windows 10', os.arch: 'amd64', os.version: '10.0', java.version: '1.8.0_271'
Driver info: driver.version: ChromeDriver
remote stacktrace: Backtrace:
	Ordinal0 [0x00CBD343+3134275]
	Ordinal0 [0x00BAA131+2007345]
	Ordinal0 [0x00A4AEC8+569032]
	Ordinal0 [0x009D139F+70559]
	Ordinal0 [0x009CCC63+52323]
	Ordinal0 [0x009F0DFC+200188]
	Ordinal0 [0x009F0C1D+199709]
	Ordinal0 [0x009EEB0B+191243]
	Ordinal0 [0x009D2E77+77431]
	Ordinal0 [0x009D3E3E+81470]
	Ordinal0 [0x009D3DC9+81353]
	Ordinal0 [0x00BC0C99+2100377]
	GetHandleVerifier [0x00E2B71A+1396954]
	GetHandleVerifier [0x00E2B399+1396057]
	GetHandleVerifier [0x00E370E6+1444518]
	GetHandleVerifier [0x00E2BCA8+1398376]
	Ordinal0 [0x00BB7F11+2064145]
	Ordinal0 [0x00BC22AB+2106027]
	Ordinal0 [0x00BC23D1+2106321]
	Ordinal0 [0x00BD4984+2181508]
	BaseThreadInitThunk [0x772C6359+25]
	RtlGetAppContainerNamedObjectPath [0x77BA8944+228]
	RtlGetAppContainerNamedObjectPath [0x77BA8914+180]

	at sun.reflect.NativeConstructorAccessorImpl.newInstance0(Native Method)
	at sun.reflect.NativeConstructorAccessorImpl.newInstance(Unknown Source)
	at sun.reflect.DelegatingConstructorAccessorImpl.newInstance(Unknown Source)
	at java.lang.reflect.Constructor.newInstance(Unknown Source)
	at org.openqa.selenium.remote.W3CHandshakeResponse.lambda$errorHandler$0(W3CHandshakeResponse.java:62)
	at org.openqa.selenium.remote.HandshakeResponse.lambda$getResponseFunction$0(HandshakeResponse.java:30)
	at org.openqa.selenium.remote.ProtocolHandshake.lambda$createSession$0(ProtocolHandshake.java:126)
	at java.util.stream.ReferencePipeline$3$1.accept(Unknown Source)
	at java.util.Spliterators$ArraySpliterator.tryAdvance(Unknown Source)
	at java.util.stream.ReferencePipeline.forEachWithCancel(Unknown Source)
	at java.util.stream.AbstractPipeline.copyIntoWithCancel(Unknown Source)
	at java.util.stream.AbstractPipeline.copyInto(Unknown Source)
	at java.util.stream.AbstractPipeline.wrapAndCopyInto(Unknown Source)
	at java.util.stream.FindOps$FindOp.evaluateSequential(Unknown Source)
	at java.util.stream.AbstractPipeline.evaluate(Unknown Source)
	at java.util.stream.ReferencePipeline.findFirst(Unknown Source)
	at org.openqa.selenium.remote.ProtocolHandshake.createSession(ProtocolHandshake.java:128)
	at org.openqa.selenium.remote.ProtocolHandshake.createSession(ProtocolHandshake.java:74)
	at org.openqa.selenium.remote.HttpCommandExecutor.execute(HttpCommandExecutor.java:136)
	at org.openqa.selenium.remote.service.DriverCommandExecutor.execute(DriverCommandExecutor.java:83)
	at org.openqa.selenium.remote.RemoteWebDriver.execute(RemoteWebDriver.java:552)
	at org.openqa.selenium.remote.RemoteWebDriver.startSession(RemoteWebDriver.java:213)
	at org.openqa.selenium.remote.RemoteWebDriver.<init>(RemoteWebDriver.java:131)
	at org.openqa.selenium.chrome.ChromeDriver.<init>(ChromeDriver.java:181)
	at org.openqa.selenium.chrome.ChromeDriver.<init>(ChromeDriver.java:168)
	at org.openqa.selenium.chrome.ChromeDriver.<init>(ChromeDriver.java:123)
	at TestNG.Important_Annotations.setUp(Important_Annotations.java:20)
	at sun.reflect.NativeMethodAccessorImpl.invoke0(Native Method)
	at sun.reflect.NativeMethodAccessorImpl.invoke(Unknown Source)
	at sun.reflect.DelegatingMethodAccessorImpl.invoke(Unknown Source)
	at java.lang.reflect.Method.invoke(Unknown Source)
	at org.testng.internal.MethodInvocationHelper.invokeMethod(MethodInvocationHelper.java:80)
	at org.testng.internal.Invoker.invokeConfigurationMethod(Invoker.java:564)
	at org.testng.internal.Invoker.invokeConfigurations(Invoker.java:213)
	at org.testng.internal.Invoker.invokeMethod(Invoker.java:653)
	at org.testng.internal.Invoker.invokeTestMethod(Invoker.java:907)
	at org.testng.internal.Invoker.invokeTestMethods(Invoker.java:1237)
	at org.testng.internal.TestMethodWorker.invokeTestMethods(TestMethodWorker.java:127)
	at org.testng.internal.TestMethodWorker.run(TestMethodWorker.java:111)
	at org.testng.TestRunner.privateRun(TestRunner.java:767)
	at org.testng.TestRunner.run(TestRunner.java:617)
	at org.testng.SuiteRunner.runTest(SuiteRunner.java:334)
	at org.testng.SuiteRunner.runSequentially(SuiteRunner.java:329)
	at org.testng.SuiteRunner.privateRun(SuiteRunner.java:291)
	at org.testng.SuiteRunner.run(SuiteRunner.java:240)
	at org.testng.SuiteRunnerWorker.runSuite(SuiteRunnerWorker.java:51)
	at org.testng.SuiteRunnerWorker.run(SuiteRunnerWorker.java:85)
	at org.testng.TestNG.runSuitesSequentially(TestNG.java:1197)
	at org.testng.TestNG.runSuitesLocally(TestNG.java:1122)
	at org.testng.TestNG.run(TestNG.java:1030)
	at org.testng.remote.AbstractRemoteTestNG.run(AbstractRemoteTestNG.java:115)
	at org.testng.remote.RemoteTestNG.initAndRun(RemoteTestNG.java:251)
	at org.testng.remote.RemoteTestNG.main(RemoteTestNG.java:77)
]]>
    </failure>
  </testcase> <!-- mail_Test -->
  <testcase name="test_demo1" time="0.021" classname="TestNG.Important_Annotations">
    <failure type="org.openqa.selenium.SessionNotCreatedException" message="session not created: This version of ChromeDriver only supports Chrome version 85
Build info: version: &#039;3.141.59&#039;, revision: &#039;e82be7d358&#039;, time: &#039;2018-11-14T08:25:48&#039;
System info: host: &#039;DESKTOP-BDPMNOL&#039;, ip: &#039;192.168.1.113&#039;, os.name: &#039;Windows 10&#039;, os.arch: &#039;amd64&#039;, os.version: &#039;10.0&#039;, java.version: &#039;1.8.0_271&#039;
Driver info: driver.version: ChromeDriver
remote stacktrace: Backtrace:
	Ordinal0 [0x00CBD343+3134275]
	Ordinal0 [0x00BAA131+2007345]
	Ordinal0 [0x00A4AEC8+569032]
	Ordinal0 [0x009D139F+70559]
	Ordinal0 [0x009CCC63+52323]
	Ordinal0 [0x009F0DFC+200188]
	Ordinal0 [0x009F0C1D+199709]
	Ordinal0 [0x009EEB0B+191243]
	Ordinal0 [0x009D2E77+77431]
	Ordinal0 [0x009D3E3E+81470]
	Ordinal0 [0x009D3DC9+81353]
	Ordinal0 [0x00BC0C99+2100377]
	GetHandleVerifier [0x00E2B71A+1396954]
	GetHandleVerifier [0x00E2B399+1396057]
	GetHandleVerifier [0x00E370E6+1444518]
	GetHandleVerifier [0x00E2BCA8+1398376]
	Ordinal0 [0x00BB7F11+2064145]
	Ordinal0 [0x00BC22AB+2106027]
	Ordinal0 [0x00BC23D1+2106321]
	Ordinal0 [0x00BD4984+2181508]
	BaseThreadInitThunk [0x772C6359+25]
	RtlGetAppContainerNamedObjectPath [0x77BA8944+228]
	RtlGetAppContainerNamedObjectPath [0x77BA8914+180]
">
      <![CDATA[org.openqa.selenium.SessionNotCreatedException: session not created: This version of ChromeDriver only supports Chrome version 85
Build info: version: '3.141.59', revision: 'e82be7d358', time: '2018-11-14T08:25:48'
System info: host: 'DESKTOP-BDPMNOL', ip: '192.168.1.113', os.name: 'Windows 10', os.arch: 'amd64', os.version: '10.0', java.version: '1.8.0_271'
Driver info: driver.version: ChromeDriver
remote stacktrace: Backtrace:
	Ordinal0 [0x00CBD343+3134275]
	Ordinal0 [0x00BAA131+2007345]
	Ordinal0 [0x00A4AEC8+569032]
	Ordinal0 [0x009D139F+70559]
	Ordinal0 [0x009CCC63+52323]
	Ordinal0 [0x009F0DFC+200188]
	Ordinal0 [0x009F0C1D+199709]
	Ordinal0 [0x009EEB0B+191243]
	Ordinal0 [0x009D2E77+77431]
	Ordinal0 [0x009D3E3E+81470]
	Ordinal0 [0x009D3DC9+81353]
	Ordinal0 [0x00BC0C99+2100377]
	GetHandleVerifier [0x00E2B71A+1396954]
	GetHandleVerifier [0x00E2B399+1396057]
	GetHandleVerifier [0x00E370E6+1444518]
	GetHandleVerifier [0x00E2BCA8+1398376]
	Ordinal0 [0x00BB7F11+2064145]
	Ordinal0 [0x00BC22AB+2106027]
	Ordinal0 [0x00BC23D1+2106321]
	Ordinal0 [0x00BD4984+2181508]
	BaseThreadInitThunk [0x772C6359+25]
	RtlGetAppContainerNamedObjectPath [0x77BA8944+228]
	RtlGetAppContainerNamedObjectPath [0x77BA8914+180]

	at sun.reflect.NativeConstructorAccessorImpl.newInstance0(Native Method)
	at sun.reflect.NativeConstructorAccessorImpl.newInstance(Unknown Source)
	at sun.reflect.DelegatingConstructorAccessorImpl.newInstance(Unknown Source)
	at java.lang.reflect.Constructor.newInstance(Unknown Source)
	at org.openqa.selenium.remote.W3CHandshakeResponse.lambda$errorHandler$0(W3CHandshakeResponse.java:62)
	at org.openqa.selenium.remote.HandshakeResponse.lambda$getResponseFunction$0(HandshakeResponse.java:30)
	at org.openqa.selenium.remote.ProtocolHandshake.lambda$createSession$0(ProtocolHandshake.java:126)
	at java.util.stream.ReferencePipeline$3$1.accept(Unknown Source)
	at java.util.Spliterators$ArraySpliterator.tryAdvance(Unknown Source)
	at java.util.stream.ReferencePipeline.forEachWithCancel(Unknown Source)
	at java.util.stream.AbstractPipeline.copyIntoWithCancel(Unknown Source)
	at java.util.stream.AbstractPipeline.copyInto(Unknown Source)
	at java.util.stream.AbstractPipeline.wrapAndCopyInto(Unknown Source)
	at java.util.stream.FindOps$FindOp.evaluateSequential(Unknown Source)
	at java.util.stream.AbstractPipeline.evaluate(Unknown Source)
	at java.util.stream.ReferencePipeline.findFirst(Unknown Source)
	at org.openqa.selenium.remote.ProtocolHandshake.createSession(ProtocolHandshake.java:128)
	at org.openqa.selenium.remote.ProtocolHandshake.createSession(ProtocolHandshake.java:74)
	at org.openqa.selenium.remote.HttpCommandExecutor.execute(HttpCommandExecutor.java:136)
	at org.openqa.selenium.remote.service.DriverCommandExecutor.execute(DriverCommandExecutor.java:83)
	at org.openqa.selenium.remote.RemoteWebDriver.execute(RemoteWebDriver.java:552)
	at org.openqa.selenium.remote.RemoteWebDriver.startSession(RemoteWebDriver.java:213)
	at org.openqa.selenium.remote.RemoteWebDriver.<init>(RemoteWebDriver.java:131)
	at org.openqa.selenium.chrome.ChromeDriver.<init>(ChromeDriver.java:181)
	at org.openqa.selenium.chrome.ChromeDriver.<init>(ChromeDriver.java:168)
	at org.openqa.selenium.chrome.ChromeDriver.<init>(ChromeDriver.java:123)
	at TestNG.Important_Annotations.setUp(Important_Annotations.java:20)
	at sun.reflect.NativeMethodAccessorImpl.invoke0(Native Method)
	at sun.reflect.NativeMethodAccessorImpl.invoke(Unknown Source)
	at sun.reflect.DelegatingMethodAccessorImpl.invoke(Unknown Source)
	at java.lang.reflect.Method.invoke(Unknown Source)
	at org.testng.internal.MethodInvocationHelper.invokeMethod(MethodInvocationHelper.java:80)
	at org.testng.internal.Invoker.invokeConfigurationMethod(Invoker.java:564)
	at org.testng.internal.Invoker.invokeConfigurations(Invoker.java:213)
	at org.testng.internal.Invoker.invokeMethod(Invoker.java:653)
	at org.testng.internal.Invoker.invokeTestMethod(Invoker.java:907)
	at org.testng.internal.Invoker.invokeTestMethods(Invoker.java:1237)
	at org.testng.internal.TestMethodWorker.invokeTestMethods(TestMethodWorker.java:127)
	at org.testng.internal.TestMethodWorker.run(TestMethodWorker.java:111)
	at org.testng.TestRunner.privateRun(TestRunner.java:767)
	at org.testng.TestRunner.run(TestRunner.java:617)
	at org.testng.SuiteRunner.runTest(SuiteRunner.java:334)
	at org.testng.SuiteRunner.runSequentially(SuiteRunner.java:329)
	at org.testng.SuiteRunner.privateRun(SuiteRunner.java:291)
	at org.testng.SuiteRunner.run(SuiteRunner.java:240)
	at org.testng.SuiteRunnerWorker.runSuite(SuiteRunnerWorker.java:51)
	at org.testng.SuiteRunnerWorker.run(SuiteRunnerWorker.java:85)
	at org.testng.TestNG.runSuitesSequentially(TestNG.java:1197)
	at org.testng.TestNG.runSuitesLocally(TestNG.java:1122)
	at org.testng.TestNG.run(TestNG.java:1030)
	at org.testng.remote.AbstractRemoteTestNG.run(AbstractRemoteTestNG.java:115)
	at org.testng.remote.RemoteTestNG.initAndRun(RemoteTestNG.java:251)
	at org.testng.remote.RemoteTestNG.main(RemoteTestNG.java:77)
]]>
    </failure>
  </testcase> <!-- test_demo1 -->
</testsuite> <!-- TestNG.Important_Annotations -->
