<?xml version="1.0" encoding="UTF-8"?>
<!-- Generated by org.testng.reporters.JUnitReportReporter -->
<testsuite hostname="DESKTOP-BDPMNOL" name="TestNG.Parameters_Demo" tests="1" failures="1" timestamp="15 Dec 2020 18:18:55 GMT" time="3.930" errors="0">
  <testcase name="yahoo" time="3.930" classname="TestNG.Parameters_Demo">
    <failure type="org.openqa.selenium.SessionNotCreatedException" message="session not created: This version of ChromeDriver only supports Chrome version 85
Build info: version: &#039;3.141.59&#039;, revision: &#039;e82be7d358&#039;, time: &#039;2018-11-14T08:25:48&#039;
System info: host: &#039;DESKTOP-BDPMNOL&#039;, ip: &#039;192.168.43.87&#039;, os.name: &#039;Windows 10&#039;, os.arch: &#039;amd64&#039;, os.version: &#039;10.0&#039;, java.version: &#039;1.8.0_271&#039;
Driver info: driver.version: ChromeDriver
remote stacktrace: Backtrace:
	Ordinal0 [0x00B7D343+3134275]
	Ordinal0 [0x00A6A131+2007345]
	Ordinal0 [0x0090AEC8+569032]
	Ordinal0 [0x0089139F+70559]
	Ordinal0 [0x0088CC63+52323]
	Ordinal0 [0x008B0DFC+200188]
	Ordinal0 [0x008B0C1D+199709]
	Ordinal0 [0x008AEB0B+191243]
	Ordinal0 [0x00892E77+77431]
	Ordinal0 [0x00893E3E+81470]
	Ordinal0 [0x00893DC9+81353]
	Ordinal0 [0x00A80C99+2100377]
	GetHandleVerifier [0x00CEB71A+1396954]
	GetHandleVerifier [0x00CEB399+1396057]
	GetHandleVerifier [0x00CF70E6+1444518]
	GetHandleVerifier [0x00CEBCA8+1398376]
	Ordinal0 [0x00A77F11+2064145]
	Ordinal0 [0x00A822AB+2106027]
	Ordinal0 [0x00A823D1+2106321]
	Ordinal0 [0x00A94984+2181508]
	BaseThreadInitThunk [0x76EA6359+25]
	RtlGetAppContainerNamedObjectPath [0x77148944+228]
	RtlGetAppContainerNamedObjectPath [0x77148914+180]
">
      <![CDATA[org.openqa.selenium.SessionNotCreatedException: session not created: This version of ChromeDriver only supports Chrome version 85
Build info: version: '3.141.59', revision: 'e82be7d358', time: '2018-11-14T08:25:48'
System info: host: 'DESKTOP-BDPMNOL', ip: '192.168.43.87', os.name: 'Windows 10', os.arch: 'amd64', os.version: '10.0', java.version: '1.8.0_271'
Driver info: driver.version: ChromeDriver
remote stacktrace: Backtrace:
	Ordinal0 [0x00B7D343+3134275]
	Ordinal0 [0x00A6A131+2007345]
	Ordinal0 [0x0090AEC8+569032]
	Ordinal0 [0x0089139F+70559]
	Ordinal0 [0x0088CC63+52323]
	Ordinal0 [0x008B0DFC+200188]
	Ordinal0 [0x008B0C1D+199709]
	Ordinal0 [0x008AEB0B+191243]
	Ordinal0 [0x00892E77+77431]
	Ordinal0 [0x00893E3E+81470]
	Ordinal0 [0x00893DC9+81353]
	Ordinal0 [0x00A80C99+2100377]
	GetHandleVerifier [0x00CEB71A+1396954]
	GetHandleVerifier [0x00CEB399+1396057]
	GetHandleVerifier [0x00CF70E6+1444518]
	GetHandleVerifier [0x00CEBCA8+1398376]
	Ordinal0 [0x00A77F11+2064145]
	Ordinal0 [0x00A822AB+2106027]
	Ordinal0 [0x00A823D1+2106321]
	Ordinal0 [0x00A94984+2181508]
	BaseThreadInitThunk [0x76EA6359+25]
	RtlGetAppContainerNamedObjectPath [0x77148944+228]
	RtlGetAppContainerNamedObjectPath [0x77148914+180]

	at sun.reflect.NativeConstructorAccessorImpl.newInstance0(Native Method)
	at sun.reflect.NativeConstructorAccessorImpl.newInstance(Unknown Source)
	at sun.reflect.DelegatingConstructorAccessorImpl.newInstance(Unknown Source)
	at java.lang.reflect.Constructor.newInstance(Unknown Source)
	at org.openqa.selenium.remote.W3CHandshakeResponse.lambda$errorHandler$0(W3CHandshakeResponse.java:62)
	at org.openqa.selenium.remote.HandshakeResponse.lambda$getResponseFunction$0(HandshakeResponse.java:30)
	at org.openqa.selenium.remote.ProtocolHandshake.lambda$createSession$0(ProtocolHandshake.java:126)
	at java.util.stream.ReferencePipeline$3$1.accept(Unknown Source)
	at java.util.Spliterators$ArraySpliterator.tryAdvance(Unknown Source)
	at java.util.stream.ReferencePipeline.forEachWithCancel(Unknown Source)
	at java.util.stream.AbstractPipeline.copyIntoWithCancel(Unknown Source)
	at java.util.stream.AbstractPipeline.copyInto(Unknown Source)
	at java.util.stream.AbstractPipeline.wrapAndCopyInto(Unknown Source)
	at java.util.stream.FindOps$FindOp.evaluateSequential(Unknown Source)
	at java.util.stream.AbstractPipeline.evaluate(Unknown Source)
	at java.util.stream.ReferencePipeline.findFirst(Unknown Source)
	at org.openqa.selenium.remote.ProtocolHandshake.createSession(ProtocolHandshake.java:128)
	at org.openqa.selenium.remote.ProtocolHandshake.createSession(ProtocolHandshake.java:74)
	at org.openqa.selenium.remote.HttpCommandExecutor.execute(HttpCommandExecutor.java:136)
	at org.openqa.selenium.remote.service.DriverCommandExecutor.execute(DriverCommandExecutor.java:83)
	at org.openqa.selenium.remote.RemoteWebDriver.execute(RemoteWebDriver.java:552)
	at org.openqa.selenium.remote.RemoteWebDriver.startSession(RemoteWebDriver.java:213)
	at org.openqa.selenium.remote.RemoteWebDriver.<init>(RemoteWebDriver.java:131)
	at org.openqa.selenium.chrome.ChromeDriver.<init>(ChromeDriver.java:181)
	at org.openqa.selenium.chrome.ChromeDriver.<init>(ChromeDriver.java:168)
	at org.openqa.selenium.chrome.ChromeDriver.<init>(ChromeDriver.java:123)
	at TestNG.Parameters_Demo.yahoo(Parameters_Demo.java:20)
	at sun.reflect.NativeMethodAccessorImpl.invoke0(Native Method)
	at sun.reflect.NativeMethodAccessorImpl.invoke(Unknown Source)
	at sun.reflect.DelegatingMethodAccessorImpl.invoke(Unknown Source)
	at java.lang.reflect.Method.invoke(Unknown Source)
	at org.testng.internal.MethodInvocationHelper.invokeMethod(MethodInvocationHelper.java:80)
	at org.testng.internal.Invoker.invokeMethod(Invoker.java:715)
	at org.testng.internal.Invoker.invokeTestMethod(Invoker.java:907)
	at org.testng.internal.Invoker.invokeTestMethods(Invoker.java:1237)
	at org.testng.internal.TestMethodWorker.invokeTestMethods(TestMethodWorker.java:127)
	at org.testng.internal.TestMethodWorker.run(TestMethodWorker.java:111)
	at org.testng.TestRunner.privateRun(TestRunner.java:767)
	at org.testng.TestRunner.run(TestRunner.java:617)
	at org.testng.SuiteRunner.runTest(SuiteRunner.java:334)
	at org.testng.SuiteRunner.runSequentially(SuiteRunner.java:329)
	at org.testng.SuiteRunner.privateRun(SuiteRunner.java:291)
	at org.testng.SuiteRunner.run(SuiteRunner.java:240)
	at org.testng.SuiteRunnerWorker.runSuite(SuiteRunnerWorker.java:51)
	at org.testng.SuiteRunnerWorker.run(SuiteRunnerWorker.java:85)
	at org.testng.TestNG.runSuitesSequentially(TestNG.java:1197)
	at org.testng.TestNG.runSuitesLocally(TestNG.java:1122)
	at org.testng.TestNG.run(TestNG.java:1030)
	at org.testng.remote.AbstractRemoteTestNG.run(AbstractRemoteTestNG.java:115)
	at org.testng.remote.RemoteTestNG.initAndRun(RemoteTestNG.java:251)
	at org.testng.remote.RemoteTestNG.main(RemoteTestNG.java:77)
]]>
    </failure>
  </testcase> <!-- yahoo -->
</testsuite> <!-- TestNG.Parameters_Demo -->
